<?xml version="1.0" encoding="UTF-8"?>
<!-- Generated by org.testng.reporters.JUnitXMLReporter -->
<testsuite ignored="1" hostname="DESKTOP0189" failures="0" tests="1" name="Default test" time="57.381" errors="0" timestamp="2024-12-18T05:34:23 ICT">
  <testcase classname="automation.testsuite.AddUserTest" name="TC1_AddNewUserAndSearchSuccessfully" time="53.394"/>
  <testcase classname="automation.testsuite.AddUserTest" name="TC2_FailToAddNewUserByInputInvalidFormat" time="0.0">
    <ignored/>
  </testcase> <!-- TC2_FailToAddNewUserByInputInvalidFormat -->
</testsuite> <!-- Default test -->
