<?xml version="1.0" encoding="UTF-8"?>
<testng-results ignored="0" total="1" passed="1" failed="0" skipped="0">
  <reporter-output>
  </reporter-output>
  <suite started-at="2024-12-21T07:31:37 ICT" name="Default suite" finished-at="2024-12-21T07:31:44 ICT" duration-ms="7666">
    <groups>
    </groups>
    <test started-at="2024-12-21T07:31:37 ICT" name="Default test" finished-at="2024-12-21T07:31:44 ICT" duration-ms="7666">
      <class name="automation.testsuite.EditUserTest">
        <test-method is-config="true" signature="openFireFox()[pri:0, instance:automation.testsuite.EditUserTest@563f38c4]" started-at="2024-12-21T07:31:37 ICT" name="openFireFox" finished-at="2024-12-21T07:31:41 ICT" duration-ms="3986" status="PASS">
          <reporter-output>
          </reporter-output>
        </test-method> <!-- openFireFox -->
        <test-method signature="TC_EditSuccessfully()[pri:1, instance:automation.testsuite.EditUserTest@563f38c4]" started-at="2024-12-21T07:31:41 ICT" name="TC_EditSuccessfully" finished-at="2024-12-21T07:31:44 ICT" duration-ms="3654" status="PASS">
          <reporter-output>
          </reporter-output>
        </test-method> <!-- TC_EditSuccessfully -->
      </class> <!-- automation.testsuite.EditUserTest -->
    </test> <!-- Default test -->
  </suite> <!-- Default suite -->
</testng-results>
